# JRE version: OpenJDK Runtime Environment (8.0_152-b01) (build 1.8.0_152-release-1024-b01)
# Java VM: OpenJDK 64-Bit Server VM (25.152-b01 mixed mode linux-amd64 compressed oops)
Heap:
 PSYoungGen      total 188928K, used 15870K [0x00000000e0000000, 0x00000000ef600000, 0x0000000100000000)
  eden space 173056K, 0% used [0x00000000e0000000,0x00000000e0000000,0x00000000ea900000)
  from space 15872K, 99% used [0x00000000ea900000,0x00000000eb87f990,0x00000000eb880000)
  to   space 13312K, 0% used [0x00000000eb880000,0x00000000eb880000,0x00000000ec580000)
 ParOldGen       total 59392K, used 27915K [0x00000000a0000000, 0x00000000a3a00000, 0x00000000e0000000)
  object space 59392K, 47% used [0x00000000a0000000,0x00000000a1b42ee8,0x00000000a3a00000)
 Metaspace       used 53566K, capacity 55372K, committed 55640K, reserved 1097728K
  class space    used 7336K, capacity 7783K, committed 7808K, reserved 1048576K
GC Heap History (10 events):
Event: 13.280 GC heap after
Heap after GC invocations=6 (full 1):
 PSYoungGen      total 66048K, used 0K [0x00000000e0000000, 0x00000000e9000000, 0x0000000100000000)
  eden space 63488K, 0% used [0x00000000e0000000,0x00000000e0000000,0x00000000e3e00000)
  from space 2560K, 0% used [0x00000000e3e00000,0x00000000e3e00000,0x00000000e4080000)
  to   space 10240K, 0% used [0x00000000e8600000,0x00000000e8600000,0x00000000e9000000)
 ParOldGen       total 43520K, used 13142K [0x00000000a0000000, 0x00000000a2a80000, 0x00000000e0000000)
  object space 43520K, 30% used [0x00000000a0000000,0x00000000a0cd5998,0x00000000a2a80000)
 Metaspace       used 20679K, capacity 21022K, committed 21248K, reserved 1067008K
  class space    used 2889K, capacity 3005K, committed 3072K, reserved 1048576K
}
Event: 15.379 GC heap before
{Heap before GC invocations=7 (full 1):
 PSYoungGen      total 66048K, used 63488K [0x00000000e0000000, 0x00000000e9000000, 0x0000000100000000)
  eden space 63488K, 100% used [0x00000000e0000000,0x00000000e3e00000,0x00000000e3e00000)
  from space 2560K, 0% used [0x00000000e3e00000,0x00000000e3e00000,0x00000000e4080000)
  to   space 10240K, 0% used [0x00000000e8600000,0x00000000e8600000,0x00000000e9000000)
 ParOldGen       total 43520K, used 13142K [0x00000000a0000000, 0x00000000a2a80000, 0x00000000e0000000)
  object space 43520K, 30% used [0x00000000a0000000,0x00000000a0cd5998,0x00000000a2a80000)
 Metaspace       used 26349K, capacity 26814K, committed 27136K, reserved 1073152K
  class space    used 3635K, capacity 3796K, committed 3840K, reserved 1048576K
Event: 15.442 GC heap after
Heap after GC invocations=7 (full 1):
 PSYoungGen      total 114176K, used 7033K [0x00000000e0000000, 0x00000000e8d00000, 0x0000000100000000)
  eden space 107008K, 0% used [0x00000000e0000000,0x00000000e0000000,0x00000000e6880000)
  from space 7168K, 98% used [0x00000000e8600000,0x00000000e8cde5f8,0x00000000e8d00000)
  to   space 10240K, 0% used [0x00000000e7900000,0x00000000e7900000,0x00000000e8300000)
 ParOldGen       total 43520K, used 13150K [0x00000000a0000000, 0x00000000a2a80000, 0x00000000e0000000)
  object space 43520K, 30% used [0x00000000a0000000,0x00000000a0cd7998,0x00000000a2a80000)
 Metaspace       used 26349K, capacity 26814K, committed 27136K, reserved 1073152K
  class space    used 3635K, capacity 3796K, committed 3840K, reserved 1048576K
}
Event: 24.840 GC heap before
{Heap before GC invocations=8 (full 1):
 PSYoungGen      total 114176K, used 98442K [0x00000000e0000000, 0x00000000e8d00000, 0x0000000100000000)
  eden space 107008K, 85% used [0x00000000e0000000,0x00000000e5944290,0x00000000e6880000)
  from space 7168K, 98% used [0x00000000e8600000,0x00000000e8cde5f8,0x00000000e8d00000)
  to   space 10240K, 0% used [0x00000000e7900000,0x00000000e7900000,0x00000000e8300000)
 ParOldGen       total 43520K, used 13150K [0x00000000a0000000, 0x00000000a2a80000, 0x00000000e0000000)
  object space 43520K, 30% used [0x00000000a0000000,0x00000000a0cd7998,0x00000000a2a80000)
 Metaspace       used 34430K, capacity 35100K, committed 35416K, reserved 1079296K
  class space    used 4758K, capacity 4966K, committed 4992K, reserved 1048576K
Event: 24.895 GC heap after
Heap after GC invocations=8 (full 1):
 PSYoungGen      total 134144K, used 10235K [0x00000000e0000000, 0x00000000ec580000, 0x0000000100000000)
  eden space 123904K, 0% used [0x00000000e0000000,0x00000000e0000000,0x00000000e7900000)
  from space 10240K, 99% used [0x00000000e7900000,0x00000000e82feeb0,0x00000000e8300000)
  to   space 13312K, 0% used [0x00000000eb880000,0x00000000eb880000,0x00000000ec580000)
 ParOldGen       total 43520K, used 15919K [0x00000000a0000000, 0x00000000a2a80000, 0x00000000e0000000)
  object space 43520K, 36% used [0x00000000a0000000,0x00000000a0f8be00,0x00000000a2a80000)
 Metaspace       used 34430K, capacity 35100K, committed 35416K, reserved 1079296K
  class space    used 4758K, capacity 4966K, committed 4992K, reserved 1048576K
}
Event: 24.895 GC heap before
{Heap before GC invocations=9 (full 2):
 PSYoungGen      total 134144K, used 10235K [0x00000000e0000000, 0x00000000ec580000, 0x0000000100000000)
  eden space 123904K, 0% used [0x00000000e0000000,0x00000000e0000000,0x00000000e7900000)
  from space 10240K, 99% used [0x00000000e7900000,0x00000000e82feeb0,0x00000000e8300000)
  to   space 13312K, 0% used [0x00000000eb880000,0x00000000eb880000,0x00000000ec580000)
 ParOldGen       total 43520K, used 15919K [0x00000000a0000000, 0x00000000a2a80000, 0x00000000e0000000)
  object space 43520K, 36% used [0x00000000a0000000,0x00000000a0f8be00,0x00000000a2a80000)
 Metaspace       used 34430K, capacity 35100K, committed 35416K, reserved 1079296K
  class space    used 4758K, capacity 4966K, committed 4992K, reserved 1048576K
Event: 25.051 GC heap after
Heap after GC invocations=9 (full 2):
 PSYoungGen      total 134144K, used 0K [0x00000000e0000000, 0x00000000ec580000, 0x0000000100000000)
  eden space 123904K, 0% used [0x00000000e0000000,0x00000000e0000000,0x00000000e7900000)
  from space 10240K, 0% used [0x00000000e7900000,0x00000000e7900000,0x00000000e8300000)
  to   space 13312K, 0% used [0x00000000eb880000,0x00000000eb880000,0x00000000ec580000)
 ParOldGen       total 59392K, used 19264K [0x00000000a0000000, 0x00000000a3a00000, 0x00000000e0000000)
  object space 59392K, 32% used [0x00000000a0000000,0x00000000a12d0320,0x00000000a3a00000)
 Metaspace       used 34430K, capacity 35100K, committed 35416K, reserved 1079296K
  class space    used 4758K, capacity 4966K, committed 4992K, reserved 1048576K
}
Event: 30.940 GC heap before
{Heap before GC invocations=10 (full 2):
 PSYoungGen      total 134144K, used 123904K [0x00000000e0000000, 0x00000000ec580000, 0x0000000100000000)
  eden space 123904K, 100% used [0x00000000e0000000,0x00000000e7900000,0x00000000e7900000)
  from space 10240K, 0% used [0x00000000e7900000,0x00000000e7900000,0x00000000e8300000)
  to   space 13312K, 0% used [0x00000000eb880000,0x00000000eb880000,0x00000000ec580000)
 ParOldGen       total 59392K, used 19264K [0x00000000a0000000, 0x00000000a3a00000, 0x00000000e0000000)
  object space 59392K, 32% used [0x00000000a0000000,0x00000000a12d0320,0x00000000a3a00000)
 Metaspace       used 42447K, capacity 43408K, committed 43864K, reserved 1087488K
  class space    used 5860K, capacity 6169K, committed 6272K, reserved 1048576K
Event: 31.802 GC heap after
Heap after GC invocations=10 (full 2):
 PSYoungGen      total 186368K, used 13281K [0x00000000e0000000, 0x00000000ef600000, 0x0000000100000000)
  eden space 173056K, 0% used [0x00000000e0000000,0x00000000e0000000,0x00000000ea900000)
  from space 13312K, 99% used [0x00000000eb880000,0x00000000ec578760,0x00000000ec580000)
  to   space 15872K, 0% used [0x00000000ea900000,0x00000000ea900000,0x00000000eb880000)
 ParOldGen       total 59392K, used 19565K [0x00000000a0000000, 0x00000000a3a00000, 0x00000000e0000000)
  object space 59392K, 32% used [0x00000000a0000000,0x00000000a131b5e8,0x00000000a3a00000)
 Metaspace       used 42447K, capacity 43408K, committed 43864K, reserved 1087488K
  class space    used 5860K, capacity 6169K, committed 6272K, reserved 1048576K
}
Event: 432.518 GC heap before
{Heap before GC invocations=11 (full 2):
 PSYoungGen      total 186368K, used 186337K [0x00000000e0000000, 0x00000000ef600000, 0x0000000100000000)
  eden space 173056K, 100% used [0x00000000e0000000,0x00000000ea900000,0x00000000ea900000)
  from space 13312K, 99% used [0x00000000eb880000,0x00000000ec578760,0x00000000ec580000)
  to   space 15872K, 0% used [0x00000000ea900000,0x00000000ea900000,0x00000000eb880000)
 ParOldGen       total 59392K, used 19565K [0x00000000a0000000, 0x00000000a3a00000, 0x00000000e0000000)
  object space 59392K, 32% used [0x00000000a0000000,0x00000000a131b5e8,0x00000000a3a00000)
 Metaspace       used 53566K, capacity 55372K, committed 55640K, reserved 1097728K
  class space    used 7336K, capacity 7783K, committed 7808K, reserved 1048576K

